<?xml version="1.0" encoding="UTF-8"?>
<!-- Generated by org.testng.reporters.JUnitXMLReporter -->
<testsuite ignored="0" hostname="Ethans-MacBook-Pro-10.local" failures="0" tests="6" name="Surefire test" time="23.383" errors="0" timestamp="2025-10-23T13:31:04 MDT">
  <testcase classname="tests.CheckoutTest" name="checkout" time="0.309"/>
  <testcase classname="tests.InventoryTest" name="addItemsToCart" time="0.27"/>
  <testcase classname="tests.FinishPurchaceTest" name="finishPurchace" time="10.503"/>
  <testcase classname="tests.LoginTest" name="invalidLogin" time="0.158"/>
  <testcase classname="tests.LoginTest" name="validLogin" time="0.098"/>
  <testcase classname="tests.FinishCheckoutTest" name="finishCheckout" time="5.473"/>
</testsuite> <!-- Surefire test -->
