<?xml version="1.0" encoding="UTF-8"?>
<testng-results ignored="0" total="6" passed="6" failed="0" skipped="0">
  <reporter-output>
  </reporter-output>
  <suite started-at="2025-10-23T13:30:41 MDT" name="Surefire suite" finished-at="2025-10-23T13:31:04 MDT" duration-ms="23383">
    <groups>
    </groups>
    <test started-at="2025-10-23T13:30:41 MDT" name="Surefire test" finished-at="2025-10-23T13:31:04 MDT" duration-ms="23383">
      <class name="tests.LoginTest">
        <test-method is-config="true" signature="setUpClass()[pri:0, instance:tests.LoginTest@2fd6b6c7]" started-at="2025-10-23T13:30:56 MDT" name="setUpClass" finished-at="2025-10-23T13:30:57 MDT" duration-ms="1025" status="PASS">
          <reporter-output>
          </reporter-output>
        </test-method> <!-- setUpClass -->
        <test-method is-config="true" signature="setUpMethod()[pri:0, instance:tests.LoginTest@2fd6b6c7]" started-at="2025-10-23T13:30:57 MDT" name="setUpMethod" finished-at="2025-10-23T13:30:57 MDT" duration-ms="164" status="PASS">
          <reporter-output>
          </reporter-output>
        </test-method> <!-- setUpMethod -->
        <test-method signature="invalidLogin()[pri:0, instance:tests.LoginTest@2fd6b6c7]" started-at="2025-10-23T13:30:57 MDT" name="invalidLogin" finished-at="2025-10-23T13:30:57 MDT" duration-ms="158" status="PASS">
          <reporter-output>
          </reporter-output>
        </test-method> <!-- invalidLogin -->
        <test-method is-config="true" signature="setUpMethod()[pri:0, instance:tests.LoginTest@2fd6b6c7]" started-at="2025-10-23T13:30:57 MDT" name="setUpMethod" finished-at="2025-10-23T13:30:57 MDT" duration-ms="26" status="PASS">
          <reporter-output>
          </reporter-output>
        </test-method> <!-- setUpMethod -->
        <test-method signature="validLogin()[pri:0, instance:tests.LoginTest@2fd6b6c7]" started-at="2025-10-23T13:30:57 MDT" name="validLogin" finished-at="2025-10-23T13:30:57 MDT" duration-ms="98" status="PASS">
          <reporter-output>
          </reporter-output>
        </test-method> <!-- validLogin -->
        <test-method is-config="true" signature="tearDownClass()[pri:0, instance:tests.LoginTest@2fd6b6c7]" started-at="2025-10-23T13:30:57 MDT" name="tearDownClass" finished-at="2025-10-23T13:30:57 MDT" duration-ms="85" status="PASS">
          <reporter-output>
          </reporter-output>
        </test-method> <!-- tearDownClass -->
      </class> <!-- tests.LoginTest -->
      <class name="tests.FinishPurchaceTest">
        <test-method is-config="true" signature="setUpClass()[pri:0, instance:tests.FinishPurchaceTest@184cf7cf]" started-at="2025-10-23T13:30:44 MDT" name="setUpClass" finished-at="2025-10-23T13:30:45 MDT" duration-ms="966" status="PASS">
          <reporter-output>
          </reporter-output>
        </test-method> <!-- setUpClass -->
        <test-method is-config="true" signature="setUpMethod()[pri:0, instance:tests.FinishPurchaceTest@184cf7cf]" started-at="2025-10-23T13:30:45 MDT" name="setUpMethod" finished-at="2025-10-23T13:30:45 MDT" duration-ms="162" status="PASS">
          <reporter-output>
          </reporter-output>
        </test-method> <!-- setUpMethod -->
        <test-method signature="finishPurchace()[pri:0, instance:tests.FinishPurchaceTest@184cf7cf]" started-at="2025-10-23T13:30:45 MDT" name="finishPurchace" finished-at="2025-10-23T13:30:56 MDT" duration-ms="10503" status="PASS">
          <reporter-output>
          </reporter-output>
        </test-method> <!-- finishPurchace -->
        <test-method is-config="true" signature="tearDownClass()[pri:0, instance:tests.FinishPurchaceTest@184cf7cf]" started-at="2025-10-23T13:30:56 MDT" name="tearDownClass" finished-at="2025-10-23T13:30:56 MDT" duration-ms="90" status="PASS">
          <reporter-output>
          </reporter-output>
        </test-method> <!-- tearDownClass -->
      </class> <!-- tests.FinishPurchaceTest -->
      <class name="tests.FinishCheckoutTest">
        <test-method is-config="true" signature="setUpClass()[pri:0, instance:tests.FinishCheckoutTest@5bfa9431]" started-at="2025-10-23T13:30:57 MDT" name="setUpClass" finished-at="2025-10-23T13:30:58 MDT" duration-ms="1005" status="PASS">
          <reporter-output>
          </reporter-output>
        </test-method> <!-- setUpClass -->
        <test-method is-config="true" signature="setUpMethod()[pri:0, instance:tests.FinishCheckoutTest@5bfa9431]" started-at="2025-10-23T13:30:58 MDT" name="setUpMethod" finished-at="2025-10-23T13:30:58 MDT" duration-ms="179" status="PASS">
          <reporter-output>
          </reporter-output>
        </test-method> <!-- setUpMethod -->
        <test-method signature="finishCheckout()[pri:0, instance:tests.FinishCheckoutTest@5bfa9431]" started-at="2025-10-23T13:30:58 MDT" name="finishCheckout" finished-at="2025-10-23T13:31:04 MDT" duration-ms="5473" status="PASS">
          <reporter-output>
          </reporter-output>
        </test-method> <!-- finishCheckout -->
        <test-method is-config="true" signature="tearDownClass()[pri:0, instance:tests.FinishCheckoutTest@5bfa9431]" started-at="2025-10-23T13:31:04 MDT" name="tearDownClass" finished-at="2025-10-23T13:31:04 MDT" duration-ms="88" status="PASS">
          <reporter-output>
          </reporter-output>
        </test-method> <!-- tearDownClass -->
      </class> <!-- tests.FinishCheckoutTest -->
      <class name="tests.InventoryTest">
        <test-method is-config="true" signature="setUpClass()[pri:0, instance:tests.InventoryTest@2805c96b]" started-at="2025-10-23T13:30:42 MDT" name="setUpClass" finished-at="2025-10-23T13:30:43 MDT" duration-ms="1018" status="PASS">
          <reporter-output>
          </reporter-output>
        </test-method> <!-- setUpClass -->
        <test-method is-config="true" signature="setUpMethod()[pri:0, instance:tests.InventoryTest@2805c96b]" started-at="2025-10-23T13:30:43 MDT" name="setUpMethod" finished-at="2025-10-23T13:30:44 MDT" duration-ms="160" status="PASS">
          <reporter-output>
          </reporter-output>
        </test-method> <!-- setUpMethod -->
        <test-method signature="addItemsToCart()[pri:0, instance:tests.InventoryTest@2805c96b]" started-at="2025-10-23T13:30:44 MDT" name="addItemsToCart" finished-at="2025-10-23T13:30:44 MDT" duration-ms="270" status="PASS">
          <reporter-output>
          </reporter-output>
        </test-method> <!-- addItemsToCart -->
        <test-method is-config="true" signature="tearDownClass()[pri:0, instance:tests.InventoryTest@2805c96b]" started-at="2025-10-23T13:30:44 MDT" name="tearDownClass" finished-at="2025-10-23T13:30:44 MDT" duration-ms="87" status="PASS">
          <reporter-output>
          </reporter-output>
        </test-method> <!-- tearDownClass -->
      </class> <!-- tests.InventoryTest -->
      <class name="tests.CheckoutTest">
        <test-method is-config="true" signature="setUpClass()[pri:0, instance:tests.CheckoutTest@7692d9cc]" started-at="2025-10-23T13:30:41 MDT" name="setUpClass" finished-at="2025-10-23T13:30:42 MDT" duration-ms="1049" status="PASS">
          <reporter-output>
          </reporter-output>
        </test-method> <!-- setUpClass -->
        <test-method is-config="true" signature="setUpMethod()[pri:0, instance:tests.CheckoutTest@7692d9cc]" started-at="2025-10-23T13:30:42 MDT" name="setUpMethod" finished-at="2025-10-23T13:30:42 MDT" duration-ms="357" status="PASS">
          <reporter-output>
          </reporter-output>
        </test-method> <!-- setUpMethod -->
        <test-method signature="checkout()[pri:0, instance:tests.CheckoutTest@7692d9cc]" started-at="2025-10-23T13:30:42 MDT" name="checkout" finished-at="2025-10-23T13:30:42 MDT" duration-ms="309" status="PASS">
          <reporter-output>
          </reporter-output>
        </test-method> <!-- checkout -->
        <test-method is-config="true" signature="tearDownClass()[pri:0, instance:tests.CheckoutTest@7692d9cc]" started-at="2025-10-23T13:30:42 MDT" name="tearDownClass" finished-at="2025-10-23T13:30:42 MDT" duration-ms="87" status="PASS">
          <reporter-output>
          </reporter-output>
        </test-method> <!-- tearDownClass -->
      </class> <!-- tests.CheckoutTest -->
    </test> <!-- Surefire test -->
  </suite> <!-- Surefire suite -->
</testng-results>
